
!ENTRY org.eclipse.osgi 4 0 2019-10-05 19:15:23.065
!MESSAGE 
!STACK 0
java.io.FileNotFoundException: /Users/joaoemilio/projeto-ajuda-ai/projetoajuda.ai/wso2ei-6.5.0/wso2/components/default/configuration/org.eclipse.osgi/.manager/.fileTableLock (No such file or directory)
	at java.io.RandomAccessFile.open0(Native Method)
	at java.io.RandomAccessFile.open(RandomAccessFile.java:316)
	at java.io.RandomAccessFile.<init>(RandomAccessFile.java:243)
	at org.eclipse.core.runtime.internal.adaptor.Locker_JavaNio.lock(Locker_JavaNio.java:33)
	at org.eclipse.osgi.storagemanager.StorageManager.lock(StorageManager.java:389)
	at org.eclipse.osgi.storagemanager.StorageManager.add(StorageManager.java:220)
	at org.eclipse.osgi.storagemanager.StorageManager.closeOutputStream(StorageManager.java:902)
	at org.eclipse.osgi.storagemanager.ManagedOutputStream.close(ManagedOutputStream.java:52)
	at java.io.FilterOutputStream.close(FilterOutputStream.java:159)
	at java.io.FilterOutputStream.close(FilterOutputStream.java:159)
	at org.eclipse.osgi.internal.baseadaptor.BaseStorage.saveBundleDatas(BaseStorage.java:604)
	at org.eclipse.osgi.internal.baseadaptor.BaseStorage.saveAllData(BaseStorage.java:467)
	at org.eclipse.osgi.internal.baseadaptor.BaseStorage.frameworkStop(BaseStorage.java:930)
	at org.eclipse.osgi.baseadaptor.BaseAdaptor.frameworkStop(BaseAdaptor.java:266)
	at org.eclipse.osgi.framework.internal.core.SystemBundleActivator.stop(SystemBundleActivator.java:74)
	at org.eclipse.osgi.framework.internal.core.BundleContextImpl$2.run(BundleContextImpl.java:771)
	at java.security.AccessController.doPrivileged(Native Method)
	at org.eclipse.osgi.framework.internal.core.BundleContextImpl.stop(BundleContextImpl.java:764)
	at org.eclipse.osgi.framework.internal.core.StartLevelManager.stopSystemBundle(StartLevelManager.java:602)
	at org.eclipse.osgi.framework.internal.core.StartLevelManager.doSetStartLevel(StartLevelManager.java:262)
	at org.eclipse.osgi.framework.internal.core.StartLevelManager.shutdown(StartLevelManager.java:215)
	at org.eclipse.osgi.framework.internal.core.InternalSystemBundle.suspend(InternalSystemBundle.java:284)
	at org.eclipse.osgi.framework.internal.core.Framework.shutdown(Framework.java:692)
	at org.eclipse.osgi.framework.internal.core.Framework.close(Framework.java:600)
	at org.eclipse.core.runtime.adaptor.EclipseStarter.shutdown(EclipseStarter.java:400)
	at org.wso2.carbon.core.init.CarbonServerManager.shutdown(CarbonServerManager.java:851)
	at org.wso2.carbon.core.init.CarbonServerManager.shutdownGracefully(CarbonServerManager.java:885)
	at org.wso2.carbon.core.init.CarbonServerManager$4.run(CarbonServerManager.java:903)

!ENTRY org.eclipse.osgi 4 0 2019-10-05 19:15:23.200
!MESSAGE 
!STACK 0
java.io.FileNotFoundException: /Users/joaoemilio/projeto-ajuda-ai/projetoajuda.ai/wso2ei-6.5.0/wso2/components/default/configuration/org.eclipse.osgi/.manager/.fileTableLock (No such file or directory)
	at java.io.RandomAccessFile.open0(Native Method)
	at java.io.RandomAccessFile.open(RandomAccessFile.java:316)
	at java.io.RandomAccessFile.<init>(RandomAccessFile.java:243)
	at org.eclipse.core.runtime.internal.adaptor.Locker_JavaNio.lock(Locker_JavaNio.java:33)
	at org.eclipse.osgi.storagemanager.StorageManager.lock(StorageManager.java:389)
	at org.eclipse.osgi.storagemanager.StorageManager.update(StorageManager.java:291)
	at org.eclipse.osgi.internal.baseadaptor.BaseStorage.saveStateData(BaseStorage.java:676)
	at org.eclipse.osgi.internal.baseadaptor.BaseStorage.saveAllData(BaseStorage.java:468)
	at org.eclipse.osgi.internal.baseadaptor.BaseStorage.frameworkStop(BaseStorage.java:930)
	at org.eclipse.osgi.baseadaptor.BaseAdaptor.frameworkStop(BaseAdaptor.java:266)
	at org.eclipse.osgi.framework.internal.core.SystemBundleActivator.stop(SystemBundleActivator.java:74)
	at org.eclipse.osgi.framework.internal.core.BundleContextImpl$2.run(BundleContextImpl.java:771)
	at java.security.AccessController.doPrivileged(Native Method)
	at org.eclipse.osgi.framework.internal.core.BundleContextImpl.stop(BundleContextImpl.java:764)
	at org.eclipse.osgi.framework.internal.core.StartLevelManager.stopSystemBundle(StartLevelManager.java:602)
	at org.eclipse.osgi.framework.internal.core.StartLevelManager.doSetStartLevel(StartLevelManager.java:262)
	at org.eclipse.osgi.framework.internal.core.StartLevelManager.shutdown(StartLevelManager.java:215)
	at org.eclipse.osgi.framework.internal.core.InternalSystemBundle.suspend(InternalSystemBundle.java:284)
	at org.eclipse.osgi.framework.internal.core.Framework.shutdown(Framework.java:692)
	at org.eclipse.osgi.framework.internal.core.Framework.close(Framework.java:600)
	at org.eclipse.core.runtime.adaptor.EclipseStarter.shutdown(EclipseStarter.java:400)
	at org.wso2.carbon.core.init.CarbonServerManager.shutdown(CarbonServerManager.java:851)
	at org.wso2.carbon.core.init.CarbonServerManager.shutdownGracefully(CarbonServerManager.java:885)
	at org.wso2.carbon.core.init.CarbonServerManager$4.run(CarbonServerManager.java:903)
